Using pre-set license
Built from '2021.3/staging' branch; Version is '2021.3.13f1 (9e7d58001ecf) revision 10386776'; Using compiler version '192829333'; Build Type 'Release'
OS: 'Windows 10  (10.0.19045) 64bit Professional' Language: 'ru' Physical Memory: 16317 MB
BatchMode: 1, IsHumanControllingUs: 0, StartBugReporterOnCrash: 0, Is64bit: 1, IsPro: 1

COMMAND LINE ARGUMENTS:
D:\2021.3.13f1\Editor\Unity.exe
-adb2
-batchMode
-noUpm
-name
AssetImportWorker5
-projectPath
D:/Users/USER/Documents/GitHub/RSTVR
-logFile
Logs/AssetImportWorker5.log
-srvPort
63511
Successfully changed project path to: D:/Users/USER/Documents/GitHub/RSTVR
D:/Users/USER/Documents/GitHub/RSTVR
[UnityMemory] Configuration Parameters - Can be set up in boot.config
    "memorysetup-bucket-allocator-granularity=16"
    "memorysetup-bucket-allocator-bucket-count=8"
    "memorysetup-bucket-allocator-block-size=33554432"
    "memorysetup-bucket-allocator-block-count=8"
    "memorysetup-main-allocator-block-size=16777216"
    "memorysetup-thread-allocator-block-size=16777216"
    "memorysetup-gfx-main-allocator-block-size=16777216"
    "memorysetup-gfx-thread-allocator-block-size=16777216"
    "memorysetup-cache-allocator-block-size=4194304"
    "memorysetup-typetree-allocator-block-size=2097152"
    "memorysetup-profiler-bucket-allocator-granularity=16"
    "memorysetup-profiler-bucket-allocator-bucket-count=8"
    "memorysetup-profiler-bucket-allocator-block-size=33554432"
    "memorysetup-profiler-bucket-allocator-block-count=8"
    "memorysetup-profiler-allocator-block-size=16777216"
    "memorysetup-profiler-editor-allocator-block-size=1048576"
    "memorysetup-temp-allocator-size-main=16777216"
    "memorysetup-job-temp-allocator-block-size=2097152"
    "memorysetup-job-temp-allocator-block-size-background=1048576"
    "memorysetup-job-temp-allocator-reduction-small-platforms=262144"
    "memorysetup-temp-allocator-size-background-worker=32768"
    "memorysetup-temp-allocator-size-job-worker=262144"
    "memorysetup-temp-allocator-size-preload-manager=33554432"
    "memorysetup-temp-allocator-size-nav-mesh-worker=65536"
    "memorysetup-temp-allocator-size-audio-worker=65536"
    "memorysetup-temp-allocator-size-cloud-worker=32768"
    "memorysetup-temp-allocator-size-gi-baking-worker=262144"
    "memorysetup-temp-allocator-size-gfx=262144"
Refreshing native plugins compatible for Editor in 105.15 ms, found 6 plugins.
Preloading 0 native plugins for Editor in 0.00 ms.
Initialize engine version: 2021.3.13f1 (9e7d58001ecf)
[Subsystems] Discovering subsystems at path D:/2021.3.13f1/Editor/Data/Resources/UnitySubsystems
[Subsystems] Discovering subsystems at path D:/Users/USER/Documents/GitHub/RSTVR/Assets
GfxDevice: creating device client; threaded=0; jobified=0
Direct3D:
    Version:  Direct3D 11.0 [level 11.1]
    Renderer: NVIDIA GeForce GTX 1060 6GB (ID=0x1c03)
    Vendor:   NVIDIA
    VRAM:     6052 MB
    Driver:   31.0.15.1694
Initialize mono
Mono path[0] = 'D:/2021.3.13f1/Editor/Data/Managed'
Mono path[1] = 'D:/2021.3.13f1/Editor/Data/MonoBleedingEdge/lib/mono/unityjit-win32'
Mono config path = 'D:/2021.3.13f1/Editor/Data/MonoBleedingEdge/etc'
Using monoOptions --debugger-agent=transport=dt_socket,embedding=1,server=y,suspend=n,address=127.0.0.1:56808
Begin MonoManager ReloadAssembly
Registering precompiled unity dll's ...
Register platform support module: D:/2021.3.13f1/Editor/Data/PlaybackEngines/AndroidPlayer/UnityEditor.Android.Extensions.dll
Register platform support module: D:/2021.3.13f1/Editor/Data/PlaybackEngines/WindowsStandaloneSupport/UnityEditor.WindowsStandalone.Extensions.dll
Registered in 0.005250 seconds.
Native extension for WindowsStandalone target not found
Native extension for Android target not found
Refreshing native plugins compatible for Editor in 79.36 ms, found 6 plugins.
Preloading 0 native plugins for Editor in 0.00 ms.
Mono: successfully reloaded assembly
- Completed reload, in  0.615 seconds
Domain Reload Profiling:
	ReloadAssembly (615ms)
		BeginReloadAssembly (67ms)
			ExecutionOrderSort (0ms)
			DisableScriptedObjects (0ms)
			BackupInstance (0ms)
			ReleaseScriptingObjects (0ms)
			CreateAndSetChildDomain (1ms)
		EndReloadAssembly (432ms)
			LoadAssemblies (64ms)
			RebuildTransferFunctionScriptingTraits (0ms)
			SetupTypeCache (94ms)
			ReleaseScriptCaches (0ms)
			RebuildScriptCaches (25ms)
			SetupLoadedEditorAssemblies (266ms)
				LogAssemblyErrors (0ms)
				InitializePlatformSupportModulesInManaged (51ms)
				SetLoadedEditorAssemblies (0ms)
				RefreshPlugins (79ms)
				BeforeProcessingInitializeOnLoad (1ms)
				ProcessInitializeOnLoadAttributes (90ms)
				ProcessInitializeOnLoadMethodAttributes (44ms)
				AfterProcessingInitializeOnLoad (0ms)
				EditorAssembliesLoaded (0ms)
			ExecutionOrderSort2 (0ms)
			AwakeInstancesAfterBackupRestoration (0ms)
Platform modules already initialized, skipping
Registering precompiled user dll's ...
Registered in 0.008121 seconds.
Begin MonoManager ReloadAssembly
Symbol file LoadedFromMemory doesn't match image D:\Users\USER\Documents\GitHub\RSTVR\Library\PackageCache\com.unity.visualscripting@1.7.8\Editor\VisualScripting.Core\Dependencies\YamlDotNet\Unity.VisualScripting.YamlDotNet.dll
Symbol file LoadedFromMemory doesn't match image D:\Users\USER\Documents\GitHub\RSTVR\Library\PackageCache\com.unity.visualscripting@1.7.8\Editor\VisualScripting.Core\Dependencies\DotNetZip\Unity.VisualScripting.IonicZip.dll
Native extension for WindowsStandalone target not found
Native extension for Android target not found
Refreshing native plugins compatible for Editor in 0.61 ms, found 6 plugins.
Preloading 0 native plugins for Editor in 0.00 ms.
Package Manager log level set to [2]
Mono: successfully reloaded assembly
- Completed reload, in  1.145 seconds
Domain Reload Profiling:
	ReloadAssembly (1146ms)
		BeginReloadAssembly (216ms)
			ExecutionOrderSort (0ms)
			DisableScriptedObjects (5ms)
			BackupInstance (0ms)
			ReleaseScriptingObjects (0ms)
			CreateAndSetChildDomain (133ms)
		EndReloadAssembly (823ms)
			LoadAssemblies (81ms)
			RebuildTransferFunctionScriptingTraits (0ms)
			SetupTypeCache (300ms)
			ReleaseScriptCaches (1ms)
			RebuildScriptCaches (49ms)
			SetupLoadedEditorAssemblies (354ms)
				LogAssemblyErrors (0ms)
				InitializePlatformSupportModulesInManaged (12ms)
				SetLoadedEditorAssemblies (0ms)
				RefreshPlugins (1ms)
				BeforeProcessingInitializeOnLoad (94ms)
				ProcessInitializeOnLoadAttributes (209ms)
				ProcessInitializeOnLoadMethodAttributes (29ms)
				AfterProcessingInitializeOnLoad (9ms)
				EditorAssembliesLoaded (0ms)
			ExecutionOrderSort2 (0ms)
			AwakeInstancesAfterBackupRestoration (8ms)
Platform modules already initialized, skipping
========================================================================
Worker process is ready to serve import requests
Launched and connected shader compiler UnityShaderCompiler.exe after 0.04 seconds
Refreshing native plugins compatible for Editor in 0.62 ms, found 6 plugins.
Preloading 0 native plugins for Editor in 0.00 ms.
Unloading 3690 Unused Serialized files (Serialized files now loaded: 0)
Unloading 30 unused Assets / (114.1 KB). Loaded Objects now: 4153.
Memory consumption went from 132.9 MB to 132.8 MB.
Total: 2.668600 ms (FindLiveObjects: 0.261000 ms CreateObjectMapping: 0.206500 ms MarkObjects: 2.109200 ms  DeleteObjects: 0.091300 ms)

AssetImportParameters requested are different than current active one (requested -> active):
  custom:video-decoder-ogg-theora: a1e56fd34408186e4bbccfd4996cb3dc -> 
  custom:container-muxer-webm: aa71ff27fc2769a1b78a27578f13a17b -> 
  custom:container-demuxer-webm: 4f35f7cbe854078d1ac9338744f61a02 -> 
  custom:video-encoder-webm-vp8: eb34c28f22e8b96e1ab97ce403110664 -> 
  custom:audio-encoder-webm-vorbis: bf7c407c2cedff20999df2af8eb42d56 -> 
  custom:framework-win-MediaFoundation: 216162199b28c13a410421893ffa2e32 -> 
  custom:container-demuxer-ogg: 62fdf1f143b41e24485cea50d1cbac27 -> 
  custom:video-decoder-webm-vp8: 9c59270c3fd7afecdb556c50c9e8de78 -> 
  custom:audio-decoder-ogg-vorbis: bf7c407c2cedff20999df2af8eb42d56 -> 
========================================================================
Received Import Request.
  Time since last request: 406156.395988 seconds.
  path: Assets/Models/готово/textures/Лабораторный автотрансформатор трехфазный/Material_Height.png
  artifactKey: Guid(7d8ad8851a8099b4db1e5fdeaebeddea) Importer(815301076,1909f56bfc062723c751e8b465ee728b)
Start importing Assets/Models/готово/textures/Лабораторный автотрансформатор трехфазный/Material_Height.png using Guid(7d8ad8851a8099b4db1e5fdeaebeddea) Importer(815301076,1909f56bfc062723c751e8b465ee728b)  -> (artifact id: 'ded12b7ddb45a6843d5840d4f4cd8da1') in 0.068995 seconds 
========================================================================
Received Import Request.
  Time since last request: 0.000021 seconds.
  path: Assets/Models/готово/textures/Лабораторный автотрансформатор трехфазный/Material_Normal_OpenGL.png
  artifactKey: Guid(dedb79cc4bebdf949bb554f6d31763b8) Importer(815301076,1909f56bfc062723c751e8b465ee728b)
Start importing Assets/Models/готово/textures/Лабораторный автотрансформатор трехфазный/Material_Normal_OpenGL.png using Guid(dedb79cc4bebdf949bb554f6d31763b8) Importer(815301076,1909f56bfc062723c751e8b465ee728b)  -> (artifact id: '38d2d84571016c09bf6944ad22ba56e2') in 0.012876 seconds 
========================================================================
Received Import Request.
  Time since last request: 0.000032 seconds.
  path: Assets/Models/готово/textures/Лабораторный автотрансформатор трехфазный/Лабораторный автотрансформатор трехфазный.mat
  artifactKey: Guid(585485f6cb6a59b47a2d5924500d091c) Importer(815301076,1909f56bfc062723c751e8b465ee728b)
Start importing Assets/Models/готово/textures/Лабораторный автотрансформатор трехфазный/Лабораторный автотрансформатор трехфазный.mat using Guid(585485f6cb6a59b47a2d5924500d091c) Importer(815301076,1909f56bfc062723c751e8b465ee728b)  -> (artifact id: 'fe6f3b70da070df5dd803c3514769377') in 0.058968 seconds 
========================================================================
Received Import Request.
  Time since last request: 40.722424 seconds.
  path: Assets/Models/готово/textures/Прибор сравнения КНТ-05/Material.001_Metallic.png
  artifactKey: Guid(11ecba04180cd2b4f994ad5748d8d03d) Importer(815301076,1909f56bfc062723c751e8b465ee728b)
Start importing Assets/Models/готово/textures/Прибор сравнения КНТ-05/Material.001_Metallic.png using Guid(11ecba04180cd2b4f994ad5748d8d03d) Importer(815301076,1909f56bfc062723c751e8b465ee728b)  -> (artifact id: 'ec556bed5045a0d412242dbdf4e0e16e') in 0.007011 seconds 
========================================================================
Received Import Request.
  Time since last request: 0.000019 seconds.
  path: Assets/Models/готово/textures/Прибор сравнения КНТ-05/Material.001_Normal_OpenGL.png
  artifactKey: Guid(41464b2d7a1fa1843862bd90bfbd8795) Importer(815301076,1909f56bfc062723c751e8b465ee728b)
Start importing Assets/Models/готово/textures/Прибор сравнения КНТ-05/Material.001_Normal_OpenGL.png using Guid(41464b2d7a1fa1843862bd90bfbd8795) Importer(815301076,1909f56bfc062723c751e8b465ee728b)  -> (artifact id: '9c0ffbb56cdcdc6b34d34d3400753c27') in 0.006123 seconds 
========================================================================
Received Import Request.
  Time since last request: 0.000024 seconds.
  path: Assets/Models/готово/textures/Прибор сравнения КНТ-05/Material.001_Roughness.png
  artifactKey: Guid(83132441f04be0d49b8a6b61c6717ee0) Importer(815301076,1909f56bfc062723c751e8b465ee728b)
Start importing Assets/Models/готово/textures/Прибор сравнения КНТ-05/Material.001_Roughness.png using Guid(83132441f04be0d49b8a6b61c6717ee0) Importer(815301076,1909f56bfc062723c751e8b465ee728b)  -> (artifact id: '7b99eefa2a9a936b002407c0c6d01d9b') in 0.005861 seconds 
========================================================================
Received Import Request.
  Time since last request: 0.000023 seconds.
  path: Assets/Models/готово/textures/Прибор сравнения КНТ-05/Material.001_Mixed_AO.png
  artifactKey: Guid(032e77d3a3b097946a0248539d724bcf) Importer(815301076,1909f56bfc062723c751e8b465ee728b)
Start importing Assets/Models/готово/textures/Прибор сравнения КНТ-05/Material.001_Mixed_AO.png using Guid(032e77d3a3b097946a0248539d724bcf) Importer(815301076,1909f56bfc062723c751e8b465ee728b)  -> (artifact id: '6d70dd4004c1f88985475fb9cca09c91') in 0.006319 seconds 
========================================================================
Received Import Request.
  Time since last request: 0.000030 seconds.
  path: Assets/Models/готово/textures/Прибор сравнения КНТ-05/Material.002_Metallic.png
  artifactKey: Guid(5ff8db0c7c5a36a499fc0a5553ace6b3) Importer(815301076,1909f56bfc062723c751e8b465ee728b)
Start importing Assets/Models/готово/textures/Прибор сравнения КНТ-05/Material.002_Metallic.png using Guid(5ff8db0c7c5a36a499fc0a5553ace6b3) Importer(815301076,1909f56bfc062723c751e8b465ee728b)  -> (artifact id: '6d90f90c0b2614e503c0546aae5bf586') in 0.012409 seconds 
========================================================================
Received Import Request.
  Time since last request: 0.000022 seconds.
  path: Assets/Models/готово/textures/Прибор сравнения КНТ-05/Material.002_Height.png
  artifactKey: Guid(c45811e1851d71948b7d1958d6a2a9bd) Importer(815301076,1909f56bfc062723c751e8b465ee728b)
Start importing Assets/Models/готово/textures/Прибор сравнения КНТ-05/Material.002_Height.png using Guid(c45811e1851d71948b7d1958d6a2a9bd) Importer(815301076,1909f56bfc062723c751e8b465ee728b)  -> (artifact id: '0006d13183cb4f512918c5f9c8ccd178') in 0.007882 seconds 
========================================================================
Received Import Request.
  Time since last request: 0.000026 seconds.
  path: Assets/Models/готово/textures/Прибор сравнения КНТ-05/Прибор сравнения КНТ-05_2.mat
  artifactKey: Guid(02f7bbc366acc834596452768762a561) Importer(815301076,1909f56bfc062723c751e8b465ee728b)
Start importing Assets/Models/готово/textures/Прибор сравнения КНТ-05/Прибор сравнения КНТ-05_2.mat using Guid(02f7bbc366acc834596452768762a561) Importer(815301076,1909f56bfc062723c751e8b465ee728b)  -> (artifact id: 'f73974ba2aadba038472161beb78c630') in 0.006753 seconds 
========================================================================
Received Import Request.
  Time since last request: 11.945166 seconds.
  path: Assets/Models/готово/textures/Трансформатор напряжения НЛЛ-10/Material_Metallic.png
  artifactKey: Guid(b65e87d5deacb6f4d9a18ac5055cdad4) Importer(815301076,1909f56bfc062723c751e8b465ee728b)
Start importing Assets/Models/готово/textures/Трансформатор напряжения НЛЛ-10/Material_Metallic.png using Guid(b65e87d5deacb6f4d9a18ac5055cdad4) Importer(815301076,1909f56bfc062723c751e8b465ee728b)  -> (artifact id: '0c3a8a1dfeae325ce32aabb1c543dd70') in 0.011916 seconds 
========================================================================
Received Import Request.
  Time since last request: 0.000018 seconds.
  path: Assets/Models/готово/textures/Трансформатор напряжения НЛЛ-10/Material_Roughness.png
  artifactKey: Guid(98a252034cfd51b47804d5c20c82a31a) Importer(815301076,1909f56bfc062723c751e8b465ee728b)
Start importing Assets/Models/готово/textures/Трансформатор напряжения НЛЛ-10/Material_Roughness.png using Guid(98a252034cfd51b47804d5c20c82a31a) Importer(815301076,1909f56bfc062723c751e8b465ee728b)  -> (artifact id: '4c9d87f96d4d4f97840b7224d5de7318') in 0.008276 seconds 
Editor requested this worker to shutdown with reason: Scaling down because of idle timeout
AssetImportWorker is now disconnected from the server
Process exiting
Exiting without the bug reporter. Application will terminate with return code 0